[    0.000000] Initializing cgroup subsys cpuset
[    0.000000] Initializing cgroup subsys cpu
[    0.000000] Initializing cgroup subsys cpuacct
[    0.000000] Linux version 4.4.0-116-generic (buildd@lgw01-amd64-021) (gcc version 5.4.0 20160609 (Ubuntu 5.4.0-6ubuntu1~16.04.9) ) #140-Ubuntu SMP Mon Feb 12 21:23:04 UTC 2018 (Ubuntu 4.4.0-116.140-generic 4.4.98)
[    0.000000] Command line: BOOT_IMAGE=/boot/vmlinuz-4.4.0-116-generic root=LABEL=cloudimg-rootfs ro console=tty1 console=ttyS0
[    0.000000] KERNEL supported cpus:
[    0.000000]   Intel GenuineIntel
[    0.000000]   AMD AuthenticAMD
[    0.000000]   Centaur CentaurHauls
[    0.000000] x86/fpu: xstate_offset[2]:  576, xstate_sizes[2]:  256
[    0.000000] x86/fpu: Supporting XSAVE feature 0x01: 'x87 floating point registers'
[    0.000000] x86/fpu: Supporting XSAVE feature 0x02: 'SSE registers'
[    0.000000] x86/fpu: Supporting XSAVE feature 0x04: 'AVX registers'
[    0.000000] x86/fpu: Enabled xstate features 0x7, context size is 832 bytes, using 'standard' format.
[    0.000000] x86/fpu: Using 'lazy' FPU context switches.
[    0.000000] e820: BIOS-provided physical RAM map:
[    0.000000] BIOS-e820: [mem 0x0000000000000000-0x000000000009fbff] usable
[    0.000000] BIOS-e820: [mem 0x000000000009fc00-0x000000000009ffff] reserved
[    0.000000] BIOS-e820: [mem 0x00000000000f0000-0x00000000000fffff] reserved
[    0.000000] BIOS-e820: [mem 0x0000000000100000-0x000000003ffeffff] usable
[    0.000000] BIOS-e820: [mem 0x000000003fff0000-0x000000003fffffff] ACPI data
[    0.000000] BIOS-e820: [mem 0x00000000fec00000-0x00000000fec00fff] reserved
[    0.000000] BIOS-e820: [mem 0x00000000fee00000-0x00000000fee00fff] reserved
[    0.000000] BIOS-e820: [mem 0x00000000fffc0000-0x00000000ffffffff] reserved
[    0.000000] NX (Execute Disable) protection: active
[    0.000000] SMBIOS 2.5 present.
[    0.000000] Hypervisor detected: KVM
[    0.000000] e820: last_pfn = 0x3fff0 max_arch_pfn = 0x400000000
[    0.000000] MTRR: Disabled
[    0.000000] x86/PAT: MTRRs disabled, skipping PAT initialization too.
[    0.000000] CPU MTRRs all blank - virtualized system.
[    0.000000] x86/PAT: Configuration [0-7]: WB  WT  UC- UC  WB  WT  UC- UC  
[    0.000000] found SMP MP-table at [mem 0x0009fff0-0x0009ffff] mapped at [ffff88000009fff0]
[    0.000000] Scanning 1 areas for low memory corruption
[    0.000000] RAMDISK: [mem 0x36ac2000-0x37558fff]
[    0.000000] ACPI: Early table checksum verification disabled
[    0.000000] ACPI: RSDP 0x00000000000E0000 000024 (v02 VBOX  )
[    0.000000] ACPI: XSDT 0x000000003FFF0030 00003C (v01 VBOX   VBOXXSDT 00000001 ASL  00000061)
[    0.000000] ACPI: FACP 0x000000003FFF00F0 0000F4 (v04 VBOX   VBOXFACP 00000001 ASL  00000061)
[    0.000000] ACPI: DSDT 0x000000003FFF0470 0021FF (v02 VBOX   VBOXBIOS 00000002 INTL 20100528)
[    0.000000] ACPI: FACS 0x000000003FFF0200 000040
[    0.000000] ACPI: FACS 0x000000003FFF0200 000040
[    0.000000] ACPI: APIC 0x000000003FFF0240 00005C (v02 VBOX   VBOXAPIC 00000001 ASL  00000061)
[    0.000000] ACPI: SSDT 0x000000003FFF02A0 0001CC (v01 VBOX   VBOXCPUT 00000002 INTL 20100528)
[    0.000000] No NUMA configuration found
[    0.000000] Faking a node at [mem 0x0000000000000000-0x000000003ffeffff]
[    0.000000] NODE_DATA(0) allocated [mem 0x3ffeb000-0x3ffeffff]
[    0.000000] kvm-clock: Using msrs 4b564d01 and 4b564d00
[    0.000000] kvm-clock: cpu 0, msr 0:3ffe3001, primary cpu clock
[    0.000000] kvm-clock: using sched offset of 10500164242 cycles
[    0.000000] clocksource: kvm-clock: mask: 0xffffffffffffffff max_cycles: 0x1cd42e4dffb, max_idle_ns: 881590591483 ns
[    0.000000] Zone ranges:
[    0.000000]   DMA      [mem 0x0000000000001000-0x0000000000ffffff]
[    0.000000]   DMA32    [mem 0x0000000001000000-0x000000003ffeffff]
[    0.000000]   Normal   empty
[    0.000000]   Device   empty
[    0.000000] Movable zone start for each node
[    0.000000] Early memory node ranges
[    0.000000]   node   0: [mem 0x0000000000001000-0x000000000009efff]
[    0.000000]   node   0: [mem 0x0000000000100000-0x000000003ffeffff]
[    0.000000] Initmem setup node 0 [mem 0x0000000000001000-0x000000003ffeffff]
[    0.000000] ACPI: PM-Timer IO Port: 0x4008
[    0.000000] IOAPIC[0]: apic_id 2, version 32, address 0xfec00000, GSI 0-23
[    0.000000] ACPI: INT_SRC_OVR (bus 0 bus_irq 0 global_irq 2 dfl dfl)
[    0.000000] ACPI: INT_SRC_OVR (bus 0 bus_irq 9 global_irq 9 low level)
[    0.000000] Using ACPI (MADT) for SMP configuration information
[    0.000000] smpboot: Allowing 2 CPUs, 0 hotplug CPUs
[    0.000000] PM: Registered nosave memory: [mem 0x00000000-0x00000fff]
[    0.000000] PM: Registered nosave memory: [mem 0x0009f000-0x0009ffff]
[    0.000000] PM: Registered nosave memory: [mem 0x000a0000-0x000effff]
[    0.000000] PM: Registered nosave memory: [mem 0x000f0000-0x000fffff]
[    0.000000] e820: [mem 0x40000000-0xfebfffff] available for PCI devices
[    0.000000] Booting paravirtualized kernel on KVM
[    0.000000] clocksource: refined-jiffies: mask: 0xffffffff max_cycles: 0xffffffff, max_idle_ns: 7645519600211568 ns
[    0.000000] setup_percpu: NR_CPUS:512 nr_cpumask_bits:512 nr_cpu_ids:2 nr_node_ids:1
[    0.000000] PERCPU: Embedded 34 pages/cpu @ffff88003fc00000 s99544 r8192 d31528 u1048576
[    0.000000] PV qspinlock hash table entries: 256 (order: 0, 4096 bytes)
[    0.000000] Built 1 zonelists in Node order, mobility grouping on.  Total pages: 257913
[    0.000000] Policy zone: DMA32
[    0.000000] Kernel command line: BOOT_IMAGE=/boot/vmlinuz-4.4.0-116-generic root=LABEL=cloudimg-rootfs ro console=tty1 console=ttyS0
[    0.000000] PID hash table entries: 4096 (order: 3, 32768 bytes)
[    0.000000] Memory: 1001688K/1048120K available (8530K kernel code, 1309K rwdata, 3992K rodata, 1508K init, 1316K bss, 46432K reserved, 0K cma-reserved)
[    0.000000] SLUB: HWalign=64, Order=0-3, MinObjects=0, CPUs=2, Nodes=1
[    0.000000] Kernel/User page tables isolation: enabled
[    0.000000] Hierarchical RCU implementation.
[    0.000000] 	Build-time adjustment of leaf fanout to 64.
[    0.000000] 	RCU restricting CPUs from NR_CPUS=512 to nr_cpu_ids=2.
[    0.000000] RCU: Adjusting geometry for rcu_fanout_leaf=64, nr_cpu_ids=2
[    0.000000] NR_IRQS:33024 nr_irqs:440 16
[    0.000000] Console: colour VGA+ 80x25
[    0.000000] console [tty1] enabled
[    0.000000] console [ttyS0] enabled
[    0.000000] tsc: Detected 2592.004 MHz processor
[    3.111773] Calibrating delay loop (skipped) preset value.. 5184.00 BogoMIPS (lpj=10368016)
[    3.156347] pid_max: default: 32768 minimum: 301
[    3.181358] ACPI: Core revision 20150930
[    3.202700] ACPI: 2 ACPI AML tables successfully acquired and loaded
[    3.237235] Security Framework initialized
[    3.258730] Yama: becoming mindful.
[    3.278624] AppArmor: AppArmor initialized
[    3.299737] Dentry cache hash table entries: 131072 (order: 8, 1048576 bytes)
[    3.337970] Inode-cache hash table entries: 65536 (order: 7, 524288 bytes)
[    3.373216] Mount-cache hash table entries: 2048 (order: 2, 16384 bytes)
[    3.403421] Mountpoint-cache hash table entries: 2048 (order: 2, 16384 bytes)
[    3.435713] Initializing cgroup subsys io
[    3.456548] Initializing cgroup subsys memory
[    3.477959] Initializing cgroup subsys devices
[    3.500403] Initializing cgroup subsys freezer
[    3.523051] Initializing cgroup subsys net_cls
[    3.547942] Initializing cgroup subsys perf_event
[    3.570366] Initializing cgroup subsys net_prio
[    3.593201] Initializing cgroup subsys hugetlb
[    3.616529] Initializing cgroup subsys pids
[    3.640041] CPU: Physical Processor ID: 0
[    3.661785] CPU: Processor Core ID: 0
[    3.681944] FEATURE SPEC_CTRL Not Present
[    3.703747] mce: CPU supports 0 MCE banks
[    3.727473] Last level iTLB entries: 4KB 64, 2MB 8, 4MB 8
[    3.752734] Last level dTLB entries: 4KB 64, 2MB 0, 4MB 0, 1GB 4
[    3.783171] Spectre V2 mitigation: Mitigation: Full generic retpoline
[    3.813331] Spectre V2 mitigation: Speculation control IBPB not-supported IBRS not-supported
[    3.889662] Freeing SMP alternatives memory: 32K
[    4.066190] ftrace: allocating 32186 entries in 126 pages
[    4.691315] smpboot: APIC(0) Converting physical 0 to logical package 0
[    4.721703] smpboot: Max logical packages: 1
[    4.750131] x2apic enabled
[    4.770412] Switched APIC routing to physical x2apic.
[    4.824350] ..TIMER: vector=0x30 apic1=0 pin1=2 apic2=-1 pin2=-1
[    4.959420] smpboot: CPU0: Intel(R) Core(TM) i7-6700HQ CPU @ 2.60GHz (family: 0x6, model: 0x5e, stepping: 0x3)
[    5.022420] Performance Events: unsupported p6 CPU model 94 no PMU driver, software events only.
[    5.075097] KVM setup paravirtual spinlock
[    5.097766] x86: Booting SMP configuration:
[    5.121165] .... node  #0, CPUs:      #1
[    5.147876] kvm-clock: cpu 1, msr 0:3ffe3041, secondary cpu clock
[    5.176779] mce: CPU supports 0 MCE banks
[    5.193263] x86: Booted up 1 node, 2 CPUs
[    5.222611] smpboot: Total of 2 processors activated (10368.01 BogoMIPS)
[    5.264198] devtmpfs: initialized
[    5.287857] evm: security.selinux
[    5.309516] evm: security.SMACK64
[    5.329981] evm: security.SMACK64EXEC
[    5.350641] evm: security.SMACK64TRANSMUTE
[    5.371688] evm: security.SMACK64MMAP
[    5.393439] evm: security.ima
[    5.413039] evm: security.capability
[    5.434051] clocksource: jiffies: mask: 0xffffffff max_cycles: 0xffffffff, max_idle_ns: 7645041785100000 ns
[    5.481789] futex hash table entries: 512 (order: 3, 32768 bytes)
[    5.510932] pinctrl core: initialized pinctrl subsystem
[    5.537577] RTC time:  0:53:10, date: 07/11/18
[    5.562221] NET: Registered protocol family 16
[    5.593112] cpuidle: using governor ladder
[    5.625316] cpuidle: using governor menu
[    5.645890] PCCT header not found.
[    5.665237] ACPI: bus type PCI registered
[    5.685722] acpiphp: ACPI Hot Plug PCI Controller Driver version: 0.5
[    5.718411] PCI: Using configuration type 1 for base access
[    5.763536] ACPI: Added _OSI(Module Device)
[    5.786332] ACPI: Added _OSI(Processor Device)
[    5.809094] ACPI: Added _OSI(3.0 _SCP Extensions)
[    5.832879] ACPI: Added _OSI(Processor Aggregator Device)
[    5.864795] ACPI: Executed 1 blocks of module-level executable AML code
[    5.907573] ACPI: Interpreter enabled
[    5.927115] ACPI: (supports S0 S5)
[    5.946435] ACPI: Using IOAPIC for interrupt routing
[    5.971201] PCI: Using host bridge windows from ACPI; if necessary, use "pci=nocrs" and report a bug
[    6.045044] ACPI: PCI Root Bridge [PCI0] (domain 0000 [bus 00-ff])
[    6.075344] acpi PNP0A03:00: _OSC: OS supports [ASPM ClockPM Segments MSI]
[    6.110727] acpi PNP0A03:00: _OSC: not requesting OS control; OS requires [ExtendedConfig ASPM ClockPM MSI]
[    6.168129] acpi PNP0A03:00: fail to add MMCONFIG information, can't access extended PCI configuration space under this bridge.
[    6.230767] PCI host bridge to bus 0000:00
[    6.251879] pci_bus 0000:00: root bus resource [io  0x0000-0x0cf7 window]
[    6.283571] pci_bus 0000:00: root bus resource [io  0x0d00-0xffff window]
[    6.315471] pci_bus 0000:00: root bus resource [mem 0x000a0000-0x000bffff window]
[    6.353798] pci_bus 0000:00: root bus resource [mem 0x40000000-0xfdffffff window]
[    6.392081] pci_bus 0000:00: root bus resource [bus 00-ff]
[    6.468686] pci 0000:00:01.1: legacy IDE quirk: reg 0x10: [io  0x01f0-0x01f7]
[    6.499642] pci 0000:00:01.1: legacy IDE quirk: reg 0x14: [io  0x03f6]
[    6.534204] pci 0000:00:01.1: legacy IDE quirk: reg 0x18: [io  0x0170-0x0177]
[    6.783784] pci 0000:00:01.1: legacy IDE quirk: reg 0x1c: [io  0x0376]
[    6.983783] pci 0000:00:07.0: quirk: [io  0x4000-0x403f] claimed by PIIX4 ACPI
[    7.020766] pci 0000:00:07.0: quirk: [io  0x4100-0x410f] claimed by PIIX4 SMB
[    7.109445] ACPI: PCI Interrupt Link [LNKA] (IRQs 5 9 10 *11)
[    7.154372] ACPI: PCI Interrupt Link [LNKB] (IRQs 5 9 *10 11)
[    7.205037] ACPI: PCI Interrupt Link [LNKC] (IRQs 5 *9 10 11)
[    7.252594] ACPI: PCI Interrupt Link [LNKD] (IRQs 5 9 10 *11)
[    7.296473] ACPI: Enabled 2 GPEs in block 00 to 07
[    7.328897] vgaarb: setting as boot device: PCI:0000:00:02.0
[    7.354759] vgaarb: device added: PCI:0000:00:02.0,decodes=io+mem,owns=io+mem,locks=none
[    7.396858] vgaarb: loaded
[    7.413231] vgaarb: bridge control possible 0000:00:02.0
[    7.441012] SCSI subsystem initialized
[    7.466236] ACPI: bus type USB registered
[    7.489079] usbcore: registered new interface driver usbfs
[    7.517269] usbcore: registered new interface driver hub
[    7.543417] usbcore: registered new device driver usb
[    7.569613] PCI: Using ACPI for IRQ routing
[    7.598069] NetLabel: Initializing
[    7.616772] NetLabel:  domain hash size = 128
[    7.639463] NetLabel:  protocols = UNLABELED CIPSOv4
[    7.664725] NetLabel:  unlabeled traffic allowed by default
[    7.694393] amd_nb: Cannot enumerate AMD northbridges
[    7.719773] clocksource: Switched to clocksource kvm-clock
[    7.768857] AppArmor: AppArmor Filesystem Enabled
[    7.794482] pnp: PnP ACPI init
[    7.820835] pnp: PnP ACPI: found 3 devices
[    7.850118] clocksource: acpi_pm: mask: 0xffffff max_cycles: 0xffffff, max_idle_ns: 2085701024 ns
[    7.891418] NET: Registered protocol family 2
[    7.915036] TCP established hash table entries: 8192 (order: 4, 65536 bytes)
[    7.944948] TCP bind hash table entries: 8192 (order: 5, 131072 bytes)
[    7.974862] TCP: Hash tables configured (established 8192 bind 8192)
[    8.002787] UDP hash table entries: 512 (order: 2, 16384 bytes)
[    8.030141] UDP-Lite hash table entries: 512 (order: 2, 16384 bytes)
[    8.060052] NET: Registered protocol family 1
[    8.082284] pci 0000:00:00.0: Limiting direct PCI/PCI transfers
[    8.109820] pci 0000:00:01.0: Activating ISA DMA hang workarounds
[    8.143808] Unpacking initramfs...
[   10.635994] Freeing initrd memory: 10844K
[   10.658488] platform rtc_cmos: registered platform RTC device (no PNP device found)
[   10.697342] Scanning for low memory corruption every 60 seconds
[   10.727366] audit: initializing netlink subsys (disabled)
[   10.752943] audit: type=2000 audit(1531270401.654:1): initialized
[   10.783051] Initialise system trusted keyring
[   10.806574] HugeTLB registered 2 MB page size, pre-allocated 0 pages
[   10.837427] zbud: loaded
[   10.853757] VFS: Disk quotas dquot_6.6.0
[   10.875278] VFS: Dquot-cache hash table entries: 512 (order 0, 4096 bytes)
[   10.905423] squashfs: version 4.0 (2009/01/31) Phillip Lougher
[   10.934115] fuse init (API version 7.23)
[   10.953719] Key type big_key registered
[   10.973888] Allocating IMA MOK and blacklist keyrings.
[   11.011439] Key type asymmetric registered
[   11.032146] Asymmetric key parser 'x509' registered
[   11.058130] Block layer SCSI generic (bsg) driver version 0.4 loaded (major 249)
[   11.097159] io scheduler noop registered
[   11.118820] io scheduler deadline registered (default)
[   11.142476] io scheduler cfq registered
[   11.165709] pci_hotplug: PCI Hot Plug PCI Core version: 0.5
[   11.193151] pciehp: PCI Express Hot Plug Controller Driver version: 0.4
[   11.222579] ACPI: AC Adapter [AC] (on-line)
[   11.244985] input: Power Button as /devices/LNXSYSTM:00/LNXPWRBN:00/input/input0
[   11.281705] ACPI: Power Button [PWRF]
[   11.301408] input: Sleep Button as /devices/LNXSYSTM:00/LNXSLPBN:00/input/input1
[   11.337667] ACPI: Sleep Button [SLPF]
[   11.357829] GHES: HEST is not enabled!
[   11.366644] ACPI: Battery Slot [BAT0] (battery present)
[   11.402619] Serial: 8250/16550 driver, 32 ports, IRQ sharing enabled
[   11.515453] 00:02: ttyS0 at I/O 0x3f8 (irq = 4, base_baud = 115200) is a 16550A
[   11.555537] Linux agpgart interface v0.103
[   11.586292] loop: module loaded
[   11.614747] scsi host0: ata_piix
[   11.636459] scsi host1: ata_piix
[   11.654722] ata1: PATA max UDMA/33 cmd 0x1f0 ctl 0x3f6 bmdma 0xd000 irq 14
[   11.684598] ata2: PATA max UDMA/33 cmd 0x170 ctl 0x376 bmdma 0xd008 irq 15
[   11.716853] libphy: Fixed MDIO Bus: probed
[   11.737860] tun: Universal TUN/TAP device driver, 1.6
[   11.762696] tun: (C) 1999-2004 Max Krasnyansky <maxk@qualcomm.com>
[   11.792762] PPP generic driver version 2.4.2
[   11.814759] ehci_hcd: USB 2.0 'Enhanced' Host Controller (EHCI) Driver
[   11.843635] ehci-pci: EHCI PCI platform driver
[   11.866773] ehci-platform: EHCI generic platform driver
[   11.891226] ohci_hcd: USB 1.1 'Open' Host Controller (OHCI) Driver
[   11.919175] ohci-pci: OHCI PCI platform driver
[   11.941129] ohci-platform: OHCI generic platform driver
[   11.966725] uhci_hcd: USB Universal Host Controller Interface driver
[   11.997102] i8042: PNP: PS/2 Controller [PNP0303:PS2K,PNP0f03:PS2M] at 0x60,0x64 irq 1,12
[   12.044940] serio: i8042 KBD port at 0x60,0x64 irq 1
[   12.069674] serio: i8042 AUX port at 0x60,0x64 irq 12
[   12.095011] mousedev: PS/2 mouse device common for all mice
[   12.131424] rtc_cmos rtc_cmos: rtc core: registered rtc_cmos as rtc0
[   12.163015] input: AT Translated Set 2 keyboard as /devices/platform/i8042/serio0/input/input2
[   12.204636] rtc_cmos rtc_cmos: alarms up to one day, 114 bytes nvram
[   12.234126] i2c /dev entries driver
[   12.254086] device-mapper: uevent: version 1.0.3
[   12.278072] device-mapper: ioctl: 4.34.0-ioctl (2015-10-28) initialised: dm-devel@redhat.com
[   12.318475] ledtrig-cpu: registered to indicate activity on CPUs
[   12.349883] NET: Registered protocol family 10
[   12.374388] NET: Registered protocol family 17
[   12.396713] Key type dns_resolver registered
[   12.418846] microcode: CPU0 sig=0x506e3, pf=0x2, revision=0x0
[   12.447484] microcode: CPU1 sig=0x506e3, pf=0x2, revision=0x0
[   12.475483] microcode: Microcode Update Driver: v2.01 <tigran@aivazian.fsnet.co.uk>, Peter Oruba
[   12.521452] registered taskstats version 1
[   12.543791] Loading compiled-in X.509 certificates
[   12.567755] Loaded X.509 cert 'Build time autogenerated kernel key: aa84f01984fbd529c105810b59e379d349698248'
[   12.614571] zswap: loaded using pool lzo/zbud
[   12.641612] Key type trusted registered
[   12.677715] Key type encrypted registered
[   12.701701] AppArmor: AppArmor sha1 policy hashing enabled
[   12.732474] ima: No TPM chip found, activating TPM-bypass!
[   12.760143] evm: HMAC attrs: 0x1
[   12.784442]   Magic number: 10:168:860
[   12.805672] rtc_cmos rtc_cmos: setting system clock to 2018-07-11 00:53:17 UTC (1531270397)
[   12.849552] BIOS EDD facility v0.16 2004-Jun-25, 0 devices found
[   12.877276] EDD information not available.
[   12.907568] Freeing unused kernel memory: 1508K
[   12.930266] Write protecting the kernel read-only data: 14336k
[   12.959598] Freeing unused kernel memory: 1700K
[   12.984485] Freeing unused kernel memory: 104K
Loading, please wait...
starting version[   13.053339] random: udevadm: uninitialized urandom read (16 bytes read, 7 bits of entropy available)
 229
[   13.084608] random: systemd-udevd: uninitialized urandom read (16 bytes read, 9 bits of entropy available)
[   13.084705] random: systemd-udevd: uninitialized urandom read (16 bytes read, 9 bits of entropy available)
[   13.084718] random: systemd-udevd: uninitialized urandom read (16 bytes read, 9 bits of entropy available)
[   13.084732] random: systemd-udevd: uninitialized urandom read (16 bytes read, 9 bits of entropy available)
[   13.287282] random: udevadm: uninitialized urandom read (16 bytes read, 9 bits of entropy available)
[   13.342664] random: systemd-udevd: uninitialized urandom read (16 bytes read, 9 bits of entropy available)
[   13.350715] random: udevadm: uninitialized urandom read (16 bytes read, 9 bits of entropy available)
[   13.350776] random: udevadm: uninitialized urandom read (16 bytes read, 9 bits of entropy available)
[   13.350975] random: udevadm: uninitialized urandom read (16 bytes read, 9 bits of entropy available)
[   13.585604] e1000: Intel(R) PRO/1000 Network Driver - version 7.3.21-k8-NAPI
[   13.619482] e1000: Copyright (c) 1999-2006 Intel Corporation.
[   13.650367] Fusion MPT base driver 3.04.20
[   13.673428] Copyright (c) 1999-2008 LSI Corporation
[   13.758540] AVX2 version of gcm_enc/dec engaged.
[   13.788334] AES CTR mode by8 optimization enabled
[   13.829283] Fusion MPT SPI Host driver 3.04.20
[   14.005124] input: ImExPS/2 Generic Explorer Mouse as /devices/platform/i8042/serio1/input/input4
[   15.836400] e1000 0000:00:03.0 eth0: (PCI:33MHz:32-bit) 02:27:b7:20:75:f7
[   15.866231] e1000 0000:00:03.0 eth0: Intel(R) PRO/1000 Network Connection
[   15.905429] mptbase: ioc0: Initiating bringup
[   15.905839] e1000 0000:00:03.0 enp0s3: renamed from eth0
[   16.023805] ioc0: LSI53C1030 A0: Capabilities={Initiator}
[   16.245177] scsi host2: ioc0: LSI53C1030 A0, FwRev=00000000h, Ports=1, MaxQ=256, IRQ=20
[   16.399513] scsi 2:0:0:0: Direct-Access     VBOX     HARDDISK         1.0  PQ: 0 ANSI: 5
[   16.438819] scsi target2:0:0: Beginning Domain Validation
[   16.473800] scsi target2:0:0: Domain Validation skipping write tests
[   16.503333] scsi target2:0:0: Ending Domain Validation
[   16.530173] scsi target2:0:0: asynchronous
[   16.554442] scsi 2:0:1:0: Direct-Access     VBOX     HARDDISK         1.0  PQ: 0 ANSI: 5
[   16.595247] scsi target2:0:1: Beginning Domain Validation
[   16.622152] floppy0: no floppy controllers found
[   16.631665] scsi target2:0:1: Domain Validation skipping write tests
[   16.631666] scsi target2:0:1: Ending Domain Validation
[   16.632330] scsi target2:0:1: asynchronous
[   16.883649] sd 2:0:0:0: Attached scsi generic sg0 type 0
[   16.884253] sd 2:0:0:0: [sda] 20971520 512-byte logical blocks: (10.7 GB/10.0 GiB)
[   16.886061] sd 2:0:0:0: [sda] Write Protect is off
[   16.886127] sd 2:0:1:0: Attached scsi generic sg1 type 0
[   16.886788] sd 2:0:0:0: [sda] Incomplete mode parameter data
[   16.886789] sd 2:0:0:0: [sda] Assuming drive cache: write through
[   16.887455] sd 2:0:1:0: [sdb] 20480 512-byte logical blocks: (10.5 MB/10.0 MiB)
[   16.888608] sd 2:0:1:0: [sdb] Write Protect is off
[   16.890298] sd 2:0:1:0: [sdb] Incomplete mode parameter data
[   16.890299] sd 2:0:1:0: [sdb] Assuming drive cache: write through
[   16.892223]  sda: sda1
[   16.896809] sd 2:0:0:0: [sda] Attached SCSI disk
[   16.904707] sd 2:0:1:0: [sdb] Attached SCSI disk
Begin: Loading essential drivers ... [   24.879894] md: linear personality registered for level -1
[   24.921785] md: multipath personality registered for level -4
[   24.968825] md: raid0 personality registered for level 0
[   25.014522] md: raid1 personality registered for level 1
[   25.128038] raid6: sse2x1   gen()  5781 MB/s
[   25.216426] raid6: sse2x1   xor()  5207 MB/s
[   25.308210] raid6: sse2x2   gen()  8336 MB/s
[   25.396279] raid6: sse2x2   xor()  5973 MB/s
[   25.484162] raid6: sse2x4   gen()  8225 MB/s
[   25.576708] raid6: sse2x4   xor()  4593 MB/s
[   25.676111] raid6: avx2x1   gen()  9848 MB/s
[   25.768219] raid6: avx2x2   gen() 13663 MB/s
[   25.856748] raid6: avx2x4   gen() 13637 MB/s
[   25.881231] raid6: using algorithm avx2x2 gen() 13663 MB/s
[   25.911814] raid6: using avx2x2 recovery algorithm
[   25.945933] xor: automatically using best checksumming function:
[   26.016238]    avx       : 14463.000 MB/sec
[   26.049298] async_tx: api initialized (async)
[   26.109299] md: raid6 personality registered for level 6
[   26.141485] md: raid5 personality registered for level 5
[   26.170903] md: raid4 personality registered for level 4
[   26.221148] md: raid10 personality registered for level 10
done.
Begin: Running /scripts/init-premount ... done.
Begin: Mounting root file system ... Begin: Running /scripts/local-top ... done.
Begin: Running /scripts/local-premount ... [   26.403663] Btrfs loaded
Scanning for Btrfs filesystems
done.
Warning: fsck not present, so skipping root file system
[   26.557761] EXT4-fs (sda1): mounted filesystem with ordered data mode. Opts: (null)
done.
Begin: Running /scripts/local-bottom ... done.
Begin: Running /scripts/init-bottom ... done.
[   26.971015] systemd[1]: systemd 229 running in system mode. (+PAM +AUDIT +SELINUX +IMA +APPARMOR +SMACK +SYSVINIT +UTMP +LIBCRYPTSETUP +GCRYPT +GNUTLS +ACL +XZ -LZ4 +SECCOMP +BLKID +ELFUTILS +KMOD -IDN)
[   27.063056] systemd[1]: Detected virtualization oracle.
[   27.093887] systemd[1]: Detected architecture x86-64.

Welcome to [1mUbuntu 16.04.4 LTS[0m!

[   27.172133] systemd[1]: Set hostname to <ubuntu>.
[   27.215248] systemd[1]: Initializing machine ID from random generator.
[   27.253990] systemd[1]: Installed transient /etc/machine-id file.
[   27.472472] random: nonblocking pool is initialized
[   27.724036] systemd[1]: Reached target Swap.
[[0;32m  OK  [0m] Reached target Swap.
[   27.784656] systemd[1]: Listening on Journal Audit Socket.
[[0;32m  OK  [0m] Listening on Journal Audit Socket.
[   27.855378] systemd[1]: Created slice User and Session Slice.
[[0;32m  OK  [0m] Created slice User and Session Slice.
[   27.922588] systemd[1]: Listening on LVM2 metadata daemon socket.
[[0;32m  OK  [0m] Listening on LVM2 metadata daemon socket.
[   27.993520] systemd[1]: Set up automount Arbitrary Executable File Formats File System Automount Point.
[[0;32m  OK  [0m] Set up automount Arbitrary Executab...ats File System Automount Point.
[   28.089354] systemd[1]: Reached target User and Group Name Lookups.
[[0;32m  OK  [0m] Reached target User and Group Name Lookups.
[   28.165830] systemd[1]: Listening on Device-mapper event daemon FIFOs.
[[0;32m  OK  [0m] Listening on Device-mapper event daemon FIFOs.
[   28.240062] systemd[1]: Listening on udev Control Socket.
[[0;32m  OK  [0m] Listening on udev Control Socket.
[   28.318377] systemd[1]: Created slice System Slice.
[[0;32m  OK  [0m] Created slice System Slice.
[   28.382786] systemd[1]: Reached target Slices.
[[0;32m  OK  [0m] Reached target Slices.
[   28.443368] systemd[1]: Listening on Syslog Socket.
[[0;32m  OK  [0m] Listening on Syslog Socket.
[   28.506102] systemd[1]: Listening on udev Kernel Socket.
[[0;32m  OK  [0m] Listening on udev Kernel Socket.
[   28.574306] systemd[1]: Reached target Encrypted Volumes.
[[0;32m  OK  [0m] Reached target Encrypted Volumes.
[   28.643724] systemd[1]: Listening on /dev/initctl Compatibility Named Pipe.
[[0;32m  OK  [0m] Listening on /dev/initctl Compatibility Named Pipe.
[   28.724620] systemd[1]: Listening on Journal Socket.
[[0;32m  OK  [0m] Listening on Journal Socket.
[   28.804368] systemd[1]: Starting Nameserver information manager...
         Starting Nameserver information manager...
[   28.874249] systemd[1]: Starting Remount Root and Kernel File Systems...
         [   28.925261] EXT4-fs (sda1): re-mounted. Opts: (null)
Starting Remount Root and Kernel File Systems...
[   28.966369] systemd[1]: Mounting Debug File System...
         Mounting Debug File System...
[   29.023689] systemd[1]: Starting Uncomplicated firewall...
         Starting Uncomplicated firewall...
[   29.088458] systemd[1]: Mounting Huge Pages File System...
         Mounting Huge Pages File System...
[   29.148528] systemd[1]: Starting Create list of required static device nodes for the current kernel...
         Starting Create list of required st... nodes for the current kernel...
[   29.240860] systemd[1]: Mounting POSIX Message Queue File System...
         Mounting POSIX Message Queue File System...
[   29.309639] systemd[1]: Starting Load Kernel Modules...
         Starting Load Kernel Modules...
[   29.365559] Loading iSCSI transport class v2.0-870.
[   29.391300] systemd[1]: Starting Monitoring of LVM2 mirrors, snapshots etc. using dmeventd or progress polling...
         Starting Monitoring of LVM2 mirrors... dmeventd or progress polling...
[   29.515019] iscsi: registered transport (tcp)
[   29.517808] systemd[1]: Starting Set console keymap...
         Starting Set console keymap...
[   29.608963] systemd[1]: Listening on LVM2 poll daemon socket.
[[0;32m  OK  [0m] Listening on LVM2 poll daemon socket.
[   29.682998] systemd[1]: Started Trigger resolvconf update for networkd DNS.
[[0;32m  OK  [0m] Started Trigger resolvconf update for networkd DNS.
[   29.778947] systemd[1]: Created slice system-serial\x2dgetty.slice.
[[0;32m  OK  [0m] Created slice system-serial\x2dgetty.slice.[   29.850448] iscsi: registered transport (iser)

[   29.873832] systemd[1]: Listening on Journal Socket (/dev/log).
[[0;32m  OK  [0m] Listening on Journal Socket (/dev/log).
[   29.964511] systemd[1]: Starting Journal Service...
         Starting Journal Service...
[   30.031483] systemd[1]: Started Forward Password Requests to Wall Directory Watch.
[[0;32m  OK  [0m] Started Forward Password Requests to Wall Directory Watch.
[   30.137325] systemd[1]: Mounted POSIX Message Queue File System.
[[0;32m  OK  [0m] Mounted POSIX Message Queue File System.
[   30.214745] systemd[1]: Mounted Huge Pages File System.
[[0;32m  OK  [0m] Mounted Huge Pages File System.
[   30.281038] systemd[1]: Mounted Debug File System.
[[0;32m  OK  [0m] Mounted Debug File System.
[   30.346320] systemd[1]: Started Journal Service.
[[0;32m  OK  [0m] Started Journal Service.
[[0;32m  OK  [0m] Started Remount Root and Kernel File Systems.
[[0;32m  OK  [0m] Started Uncomplicated firewall.
[[0;32m  OK  [0m] Started Create list of required sta...ce nodes for the current kernel.
[[0;32m  OK  [0m] Started Load Kernel Modules.
[[0;32m  OK  [0m] Started Set console keymap.
[[0;32m  OK  [0m] Started Nameserver information manager.
[[0;32m  OK  [0m] Started LVM2 metadata daemon.
         Starting Apply Kernel Variables...
         Mounting FUSE Control File System...
         Starting Create Static Device Nodes in /dev...
         Starting Initial cloud-init job (pre-networking)...
         Starting Load/Save Random Seed...
         Starting udev Coldplug all Devices...
         Starting Flush Journal to Persistent Storage...
[[0;32m  OK  [0m] Mounted FUSE Control File System.
[[0;32m  OK  [0m] Started Apply Kernel Variables.
[[0;32m  OK  [0m] Started Create Static Device Nodes in /dev.
[[0;32m  OK  [0m] Started Load/Save Random Seed.
[[0;32m  OK  [0m] Started Flush Journal to Persistent Storage.
         Starting udev Kernel Device Manager...
[[0;32m  OK  [0m] Started udev Coldplug all Devices.
[[0;32m  OK  [0m] Started udev Kernel Device Manager.
[[0;32m  OK  [0m] Started Dispatch Password Requests to Console Directory Watch.
[[0;32m  OK  [0m] Started Monitoring of LVM2 mirrors,...ng dmeventd or progress polling.
[[0;32m  OK  [0m] Reached target Local File Systems (Pre).
[[0;32m  OK  [0m] Reached target Local File Systems.
         Starting LSB: AppArmor initialization...
         Starting Create Volatile Files and Directories...
         Starting Set console font and keymap...
         Starting Commit a transient machine-id on disk...
         Starting Tell Plymouth To Write Out Runtime Data...
[[0;32m  OK  [0m] Started Create Volatile Files and Directories.
[[0;32m  OK  [0m] Started Commit a transient machine-id on disk.
[[0;32m  OK  [0m] Started Tell Plymouth To Write Out Runtime Data.
         Starting Update UTMP about System Boot/Shutdown...
[[0;32m  OK  [0m] Reached target System Time Synchronized.
[[0;32m  OK  [0m] Started Update UTMP about System Boot/Shutdown.
[[0;32m  OK  [0m] Found device /dev/ttyS0.
[[0;32m  OK  [0m] Listening on Load/Save RF Kill Switch Status /dev/rfkill Watch.
[   28.720455] cloud-init[458]: Cloud-init v. 17.1 running 'init-local' at Wed, 11 Jul 2018 00:53:38 +0000. Up 27.79 seconds.
[[0;32m  OK  [0m] Started LSB: AppArmor initialization.
[[0;32m  OK  [0m] Started Initial cloud-init job (pre-networking).
[[0;32m  OK  [0m] Reached target Network (Pre).
         Starting Raise network interfaces...
[[0m[0;31m*     [0m] (1 of 2) A start job is running for...font and keymap (25s / no limit)[K[[0;32m  OK  [0m] Started Set console font and keymap.
[[0;32m  OK  [0m] Created slice system-getty.slice.
[[0;32m  OK  [0m] Started Raise network interfaces.
         Starting Initial cloud-init job (metadata service crawler)...
[[0;32m  OK  [0m] Reached target Network.
[   52.484532] cloud-init[948]: Cloud-init v. 17.1 running 'init' at Wed, 11 Jul 2018 00:54:01 +0000. Up 50.45 seconds.
[   52.548926] cloud-init[948]: ci-info: +++++++++++++++++++++++++++++++++++++Net device info++++++++++++++++++++++++++++++++++++++
[   52.607267] cloud-init[948]: ci-info: +--------+------+----------------------------+---------------+-------+-------------------+
[[0;32m  OK  [0m] Started Initial cloud-init job (metadata service crawler).
[   52.687353] cloud-init[948]: [[0;32m  OK  [0m] Reached target Network is Online.
ci-info: | Device |  Up  |          Address           |      Mask     | Scope |     Hw-Address    |
         Starting iSCSI initiator daemon (iscsid)...[   52.759405] 
[[0;32m  OK  [0m] cloud-initReached target Cloud-config availability.[948]: 
[[0;32m  OK  [0mci-info: +--------+------+----------------------------+---------------+-------+-------------------+] Reached target System Initialization.

[[   52.873264] [0;32m  OK  [0m] Started Timer to automatically refresh installed snaps.cloud-init
         Starting Socket activation for snappy daemon.[948]: 
[[0;32m  OK  [0mci-info: | enp0s3 | True |         10.0.2.15          | 255.255.255.0 |   .   | 02:27:b7:20:75:f7 |] Listening on D-Bus System Message Bus Socket.
[[0;32m  OK  [0m] Started Daily Cleanup of Temporary Directories.
[[0;32m  OK  [0m] Listening on UUID daemon activation socket.

[[0;32m  OK  [0m] Started ACPI Events Check.
[[0;32m  OK  [0m] Reached target Paths.
[[0;32m  OK  [0m] Listening on ACPID Listen Socket.
[[0;32m  OK  [0m] [   53.022240] Started Daily apt download activities.
cloud-init[948]: ci-info: | enp0s3 | True | fe80::27:b7ff:fe20:75f7/64 |       .       |  link | 02:27:b7:20:75:f7 |
[   53.162271] [[0;32m  OK  [0m] Started Daily apt upgrade and clean activities.
[[0;32m  OK  [0m] Reached target Timers.
cloud-init[948]: ci-info: |   lo   | True |         127.0.0.1          |   255.0.0.0   |   .   |         .         |
[   53.259022] cloud-init[948]:          Starting LXD - unix socket.
ci-info: |   lo   | True |          ::1/128           |       .       |  host |         .         |
[[0;32m  OK  [0m] Listening on Socket activation for snappy daemon.
[[0;32m  OK  [0m] Listening on LXD - unix socket.
[[0;32m  OK  [0m] Reached target Sockets.
[[0;32m  OK  [0m] Reached target Basic System.
[   53.333903] cloud-init[948]: ci-info: +--------+------+----------------------------+---------------+-------+-------------------+
[   53.407560] cloud-init[948]: ci-info: +++++++++++++++++++++++++++Route IPv4 info++++++++++++++++++++++++++++
[   53.407631] cloud-init[948]: ci-info: +-------+-------------+----------+---------------+-----------+-------+
[   53.407684] cloud-init[948]: ci-info: | Route | Destination | Gateway  |    Genmask    | Interface | Flags |
[   53.407738] cloud-init[948]: ci-info: +-------+-------------+----------+---------------+-----------+-------+
[   53.407913] cloud-init[948]: ci-info: |   0   |   0.0.0.0   | 10.0.2.2 |    0.0.0.0    |   enp0s3  |   UG  |
[[0;32m  OK  [0m] Started Regular background program processing daemon.
[[0;32m  OK  [0m] Started FUSE filesystem for LXC.
[   53.414365] cloud-init[948]: ci-info: |   1   |   10.0.2.0  | 0.0.0.0  | 255.255.255.0 |   enp0s3  |   U   |
[   53.690082] cloud-init[948]: ci-info: +-------+-------------+----------+---------------+-----------+-------+
         Starting Login Service...
[   53.735510] cloud-init[948]: Generating public/private rsa key pair.
[[   53.788351] cloud-init[948]: Your identification has been saved in /etc/ssh/ssh_host_rsa_key.
[   53.799518] cloud-init[948]: Your public key has been saved in /etc/ssh/ssh_host_rsa_key.pub.
[   53.801773] cloud-init[948]: The key fingerprint is:
[   53.836998] cloud-init[948]: SHA256:IOKbyU431/MswcG/zegiG7xbZB3jqLRoLWt5Uudswz8 root@ubuntu-xenial
[   53.874186] cloud-init[948]: The key's randomart image is:
[   53.902474] cloud-init[948]: +---[RSA 2048]----+
[   53.912692] cloud-init[948]: |                 |
[   53.915684] cloud-init[948]: |                 |
[   53.944703] cloud-init[948]: |  . . ..  o      |
[   53.948170] cloud-init[948]: | . . . .o+ o     |
[   53.959978] cloud-init[948]: |  .   ..Soo      |
[   53.967842] cloud-init[948]: | . + =.*+ .      |
[   53.976017] cloud-init[948]: |  * *oB=+. =     |
[   54.008827] cloud-init[948]: | o o+=o+O+E o    |
[   54.018900] cloud-init[948]: |  ...o+= *=.     |
[   54.038783] cloud-init[948]: +----[SHA256]-----+
[   54.048589] cloud-init[948]: Generating public/private dsa key pair.
[   54.048677] cloud-init[948]: Your identification has been saved in /etc/ssh/ssh_host_dsa_key.
[   54.056967] cloud-init[948]: Your public key has been saved in /etc/ssh/ssh_host_dsa_key.pub.
[   54.085867] cloud-init[948]: The key fingerprint is:
[   54.145869] cloud-init[948]: SHA256:X27mBC38URTwA/gjTIz3yNahbzNN+O9hlVegmczpi6Y root@ubuntu-xenial
[0;32m  OK  [0m[   54.145996] cloud-init[948]: The key's randomart image is:
[   54.165887] cloud-init[948]: +---[DSA 1024]----+
[   54.166069] cloud-init[948]: |         o .o.+. |
[   54.166389] cloud-init[948]: |        . =o.O . |
] [   54.166478] cloud-init[948]: |         = *Bo+ .|
[   54.176642] Started Deferred execution scheduler.cloud-init
[948]: |         .Bo*...o|
[   54.272598] cloud-init[948]: |        S.+o== .o|
         Starting Pollinate to seed the pseudo random number generator...
[   54.326466] cloud-init[948]: |         . B=oo o|
[   54.400779] cloud-init[948]: |          +.Bo + |
[[0;32m  OK  [0m] Started ACPI event daemon.
[   54.425495] cloud-init[948]: |         o =  . o|
[   54.500598] cloud-init[948]: |        E   .  ..|
[   54.503752] cloud-init[948]: +----[SHA256]-----+
[   54.503822] cloud-init[948]: Generating public/private ecdsa key pair.
[   54.514013] cloud-init[948]: Your identification has been saved in /etc/ssh/ssh_host_ecdsa_key.
[   54.514254] cloud-init[948]: Your public key has been saved in /etc/ssh/ssh_host_ecdsa_key.pub.
[   54.514776] cloud-init[948]: The key fingerprint is:
[   54.514957] cloud-init[948]: SHA256:YOLVxaheZhUqgDvwPgu6t6hIxjyc9okU7DUih6w9ACc root@ubuntu-xenial
         Starting LSB: MD monitoring daemon...
[   54.515210] cloud-init[948]:          Starting System Logging Service...The key's randomart image is:
         
[   54.760068] Starting Apply the settings specified in cloud-config...
cloud-init[[0;32m  OK  [0m] [948]: +---[ECDSA 256]---+Started D-Bus System Message Bus.

[   54.877007] cloud-init[948]: |   ..    oo.     |[[0;32m  OK  [0m] Started Unattended Upgrades Shutdown.
[   54.983272] 
cloud-init[948]:          Starting LSB: Record successful boot for GRUB...|. .  . ..oo      |

         Starting /etc/rc.local Compatibility...[   55.082199] 
cloud-init         Starting Snappy daemon...[948]: 
|Eo... =.o.       |
         Starting LXD - container startup/shutdown...
[   55.251799] cloud-init[948]: |+++. +.o+        |
         Starting Accounts Service...[   55.383180] 
cloud-init[[948]: [0;32m  OK  [0m] Started System Logging Service.|+*.+.. +S        |

[   55.529678] cloud-init[948]: |O+B . .          |
[[0;32m  OK  [0m] Started iSCSI initiator daemon (iscsid).
[   55.531402] cloud-init[948]: |o&oo             |
[[0;32m  OK  [0m] Started /etc/rc.local Compatibility.[   55.618495] cloud-init[948]: |B.*..            |
[   55.666493] cloud-init[948]: |*+.+             |

[   55.667153] cloud-init[948]: +----[SHA256]-----+
[   55.796966] cloud-init[948]: Generating public/private ed25519 key pair.
[   55.885343] cloud-init[948]: Your identification has been saved in /etc/ssh/ssh_host_ed25519_key.
[[   56.004938] cloud-init[948]: Your public key has been saved in /etc/ssh/ssh_host_ed25519_key.pub.
[   56.022496] cloud-init[948]: The key fingerprint is:
[   56.024341] cloud-init[948]: SHA256:jA8VrJZHajp/rbHzKWja7ppfS7CVSb7/6pLEwFVHCZM root@ubuntu-xenial
[   56.030631] cloud-init[948]: The key's randomart image is:
[   56.064462] cloud-init[948]: +--[ED25519 256]--+
[   56.073390] cloud-init[948]: [0;32m  OK  [0m] Started LXD - container startup/shutdown.
|       ...++o.   |
[   56.180956] cloud-init[948]: |        +.Eo.    |
[   56.205979] cloud-init[948]: |     . *o        |
[[0;32m  OK  [0m] [   56.253863] Started Snappy daemon.
cloud-init[948]: |      O*.o       |
[   56.349035] cloud-init[948]: |     +++S        |
[[0;32m  OK  [0m] Started LSB: MD monitoring daemon.
[   56.357316] cloud-init[948]: |    o  *o.       |
[   56.418308] [[0;32m  OK  [0m] Started Login Service.cloud-init
[[0;32m  OK  [0m[948]: ] Started Pollinate to seed the pseudo random number generator.
[[0;32m  OK  [0m|     o.o*o       |] Started LSB: Record successful boot for GRUB.

[   56.649362]          Starting OpenBSD Secure Shell server...
         Starting Authenticate and Authorize Users to Run Privileged Tasks...
         Starting Login to default iSCSI targets...
cloud-init[948]: |     o+o*=..     |
[   56.769202] cloud-init[948]: |    +B=.+B*o.    |
[   56.805457] [[0;32m  OK  [0m] Started OpenBSD Secure Shell server.cloud-init
[948]: +----[SHA256]-----+
[[0;32m  OK  [0m] Started Login to default iSCSI targets.
[[0;32m  OK  [0m] Started Authenticate and Authorize Users to Run Privileged Tasks.
[[0;32m  OK  [0m] Started Accounts Service.
[[0;32m  OK  [0m] Reached target Remote File Systems (Pre).
[[0;32m  OK  [0m] Reached target Remote File Systems.
         Starting LSB: daemon to balance interrupts for SMP systems...
         Starting LSB: Set the CPU Frequency Scaling governor to "ondemand"...
         Starting LSB: VirtualBox Linux Additions...
         Starting Permit User Sessions...
         Starting LSB: automatic crash report generation...
[[0;32m  OK  [0m] Started Permit User Sessions.
         Starting Terminate Plymouth Boot Screen...
         Starting Hold until boot process finishes up...
[[0;32m  OK  [0m] Started LSB: daemon to balance interrupts for SMP systems.
[[0;32m  OK  [0m] Started LSB: Set the CPU Frequency Scaling governor to "ondemand".
[[0;32m  OK  [0m] Started LSB: automatic crash report generation.
[[0;32m  OK  [0m] Started Terminate Plymouth Boot Screen.
[[0;32m  OK  [0m] Started Hold until boot process finishes up.
[[0;32m  OK  [0m] Started Serial Getty on ttyS0.
         Starting Set console scheme...
[[0;32m  OK  [0m] Started Getty on tty1.
[[0;32m  OK  [0m] Reached target Login Prompts.
[[0;32m  OK  [0m] Started LSB: VirtualBox Linux Additions.
[[0;32m  OK  [0m] Started Set console scheme.
[[0;32m  OK  [0m] Reached target Multi-User System.
[[0;32m  OK  [0m] Reached target Graphical Interface.
         Starting Update UTMP about System Runlevel Changes...
[[0;32m  OK  [0m] Started Update UTMP about System Runlevel Changes.
[[0;32m  OK  [0m] Created slice User Slice of vagrant.
[   58.564091] cloud-init[1091]: Generating locales (this might take a while)...
         Starting User Manager for UID 1000...
[[0;32m  OK  [0m] Started Session 1 of user vagrant.
[[0;32m  OK  [0m] Started User Manager for UID 1000.
[   61.129964] cloud-init[1091]:   en_US.UTF-8... done
[   61.165730] cloud-init[1091]: Generation complete.
[   62.343158] cloud-init[1091]: Cloud-init v. 17.1 running 'modules:config' at Wed, 11 Jul 2018 00:54:08 +0000. Up 57.84 seconds.
[[0;32m  OK  [0m] Started Apply the settings specified in cloud-config.
         Starting Execute cloud user/final scripts...
ci-info: no authorized ssh keys fingerprints found for user ubuntu.
<14>Jul 11 00:54:15 ec2: 
<14>Jul 11 00:54:15 ec2: #############################################################
<14>Jul 11 00:54:15 ec2: -----BEGIN SSH HOST KEY FINGERPRINTS-----
<14>Jul 11 00:54:15 ec2: 1024 SHA256:X27mBC38URTwA/gjTIz3yNahbzNN+O9hlVegmczpi6Y root@ubuntu-xenial (DSA)
<14>Jul 11 00:54:15 ec2: 256 SHA256:YOLVxaheZhUqgDvwPgu6t6hIxjyc9okU7DUih6w9ACc root@ubuntu-xenial (ECDSA)
<14>Jul 11 00:54:15 ec2: 256 SHA256:jA8VrJZHajp/rbHzKWja7ppfS7CVSb7/6pLEwFVHCZM root@ubuntu-xenial (ED25519)
<14>Jul 11 00:54:15 ec2: 2048 SHA256:IOKbyU431/MswcG/zegiG7xbZB3jqLRoLWt5Uudswz8 root@ubuntu-xenial (RSA)
<14>Jul 11 00:54:15 ec2: -----END SSH HOST KEY FINGERPRINTS-----
<14>Jul 11 00:54:15 ec2: #############################################################
-----BEGIN SSH HOST KEY KEYS-----
ecdsa-sha2-nistp256 AAAAE2VjZHNhLXNoYTItbmlzdHAyNTYAAAAIbmlzdHAyNTYAAABBBHxV7qPaj0J6894vCJ4M69XP3o8vUW7t+wTsQT2tefpo4kLepk77hPNx3LclN2odauFupBeRfEiylD52Zf4ryZc= root@ubuntu-xenial
ssh-ed25519 AAAAC3NzaC1lZDI1NTE5AAAAIHvOdLKKz78gaxzQTr157DZ0s3H8HTTQgvXcmFjZPbAR root@ubuntu-xenial
ssh-rsa AAAAB3NzaC1yc2EAAAADAQABAAABAQDY1D6imk+mdRGokWTZ7hjDg8uSPFfc6QZlYrYew3QA6+NzbtmF7iSWEzXoEy7PmujuOcOoHhY5ZvLQuZYESY1MURhOG+kUpj42qrATS2ew1NsT6nwVwV1bl/IcCTAjZgQ3xfZBEBCxkQK6QkLHvXXFK2yE3Xf+Jdyb/FyzlDIcXZJqjwI54s86mhxrMOFbyaElW0iKwzKlHMgxdXfi0uy5Vs7Hfl33tQXwjtJWueikbC7l5JFZGPlVSI6GCReLgXaeGUYV7gfgz0Pr2DYpgyfyYRhvIRjqFoHQnzw8Telj0Kzxk1yHmE1aEys353WH3i4cxa1D63GG8oqwg+UzU7yb root@ubuntu-xenial
-----END SSH HOST KEY KEYS-----
[   64.548948] cloud-init[1453]: Cloud-init v. 17.1 running 'modules:final' at Wed, 11 Jul 2018 00:54:14 +0000. Up 63.75 seconds.
[   64.549294] cloud-init[1453]: ci-info: no authorized ssh keys fingerprints found for user ubuntu.
[   64.549449] cloud-init[1453]: Cloud-init v. 17.1 finished at Wed, 11 Jul 2018 00:54:15 +0000. Datasource DataSourceNoCloud [seed=/dev/sdb][dsmode=net].  Up 64.50 seconds

Ubuntu 16.04.4 LTS ubuntu-xenial ttyS0

ubuntu-xenial login: 